#
# There is insufficient memory for the Java Runtime Environment to continue.
# Native memory allocation (malloc) failed to allocate 32744 bytes for ChunkPool::allocate
# Possible reasons:
#   The system is out of physical RAM or swap space
#   In 32 bit mode, the process size limit was hit
# Possible solutions:
#   Reduce memory load on the system
#   Increase physical memory or swap space
#   Check if swap backing store is full
#   Use 64 bit Java on a 64 bit OS
#   Decrease Java heap size (-Xmx/-Xms)
#   Decrease number of Java threads
#   Decrease Java thread stack sizes (-Xss)
#   Set larger code cache with -XX:ReservedCodeCacheSize=
# This output file may be truncated or incomplete.
#
#  Out of Memory Error (allocation.cpp:273), pid=52644, tid=81468
#
# JRE version: Java(TM) SE Runtime Environment (8.0_65-b17) (build 1.8.0_65-b17)
# Java VM: Java HotSpot(TM) 64-Bit Server VM (25.65-b01 mixed mode windows-amd64 compressed oops)
# Failed to write core dump. Minidumps are not enabled by default on client versions of Windows
#

---------------  T H R E A D  ---------------

Current thread (0x0000000014d4e000):  JavaThread "C1 CompilerThread2" daemon [_thread_in_native, id=81468, stack(0x0000000016890000,0x0000000016990000)]

Stack: [0x0000000016890000,0x0000000016990000]
[error occurred during error reporting (printing stack bounds), id 0xc0000005]

Native frames: (J=compiled Java code, j=interpreted, Vv=VM code, C=native code)


Current CompileTask:
C1:    546  164       3       jdk.internal.org.objectweb.asm.Frame::execute (2252 bytes)


---------------  P R O C E S S  ---------------

Java Threads: ( => current thread )
  0x0000000016119000 JavaThread "Service Thread" daemon [_thread_blocked, id=87928, stack(0x0000000016990000,0x0000000016a90000)]
=>0x0000000014d4e000 JavaThread "C1 CompilerThread2" daemon [_thread_in_native, id=81468, stack(0x0000000016890000,0x0000000016990000)]
  0x0000000014d0a000 JavaThread "C2 CompilerThread1" daemon [_thread_in_native, id=85104, stack(0x0000000016790000,0x0000000016890000)]
  0x0000000014d06800 JavaThread "C2 CompilerThread0" daemon [_thread_in_native, id=90588, stack(0x0000000016690000,0x0000000016790000)]
  0x00000000160d3000 JavaThread "Attach Listener" daemon [_thread_blocked, id=86152, stack(0x0000000016590000,0x0000000016690000)]
  0x00000000160d2800 JavaThread "Signal Dispatcher" daemon [_thread_blocked, id=84432, stack(0x0000000016490000,0x0000000016590000)]
  0x00000000026f5800 JavaThread "Finalizer" daemon [_thread_blocked, id=74712, stack(0x0000000015f90000,0x0000000016090000)]
  0x00000000026ed000 JavaThread "Reference Handler" daemon [_thread_blocked, id=85408, stack(0x0000000015e90000,0x0000000015f90000)]
  0x0000000002600800 JavaThread "main" [_thread_in_Java, id=88068, stack(0x0000000002440000,0x0000000002540000)]

Other Threads:
  0x0000000014cb7000 VMThread [stack: 0x0000000015d90000,0x0000000015e90000] [id=90548]
  0x000000001615d800 WatcherThread [stack: 0x0000000016a90000,0x0000000016b90000] [id=88912]

VM state:not at safepoint (normal execution)

VM Mutex/Monitor currently owned by a thread:  ([mutex/lock_event])
[0x00000000025fc4b0] SymbolTable_lock - owner thread: 0x0000000000000000

Heap:
 PSYoungGen      total 18944K, used 3608K [0x00000000eb300000, 0x00000000ec800000, 0x0000000100000000)
  eden space 16384K, 22% used [0x00000000eb300000,0x00000000eb686058,0x00000000ec300000)
  from space 2560K, 0% used [0x00000000ec580000,0x00000000ec580000,0x00000000ec800000)
  to   space 2560K, 0% used [0x00000000ec300000,0x00000000ec300000,0x00000000ec580000)
 ParOldGen       total 44032K, used 0K [0x00000000c1800000, 0x00000000c4300000, 0x00000000eb300000)
  object space 44032K, 0% used [0x00000000c1800000,0x00000000c1800000,0x00000000c4300000)
 Metaspace       used 5873K, capacity 5988K, committed 6144K, reserved 1058816K
  class space    used 696K, capacity 761K, committed 768K, reserved 1048576K

Card table byte_map: [0x0000000011ac0000,0x0000000011cc0000] byte_map_base: 0x00000000114b4000

Marking Bits: (ParMarkBitMap*) 0x00000000602ca5b0
 Begin Bits: [0x0000000012210000, 0x00000000131b0000)
 End Bits:   [0x00000000131b0000, 0x0000000014150000)

Polling page: 0x0000000000440000

CodeCache: size=245760Kb used=1382Kb max_used=1382Kb free=244378Kb
 bounds [0x0000000002700000, 0x0000000002970000, 0x0000000011700000]
 total_blobs=514 nmethods=175 adapters=252
 compilation: enabled

Compilation events (10 events):
Event: 0.487 Thread 0x0000000014d4e000 nmethod 155 0x0000000002849450 code [0x00000000028495c0, 0x00000000028497e8]
Event: 0.487 Thread 0x0000000014d4e000  156       1       java.lang.invoke.MethodHandle::type (5 bytes)
Event: 0.487 Thread 0x0000000014d4e000 nmethod 156 0x0000000002849890 code [0x00000000028499e0, 0x0000000002849af0]
Event: 0.487 Thread 0x0000000014d4e000  158       3       jdk.internal.org.objectweb.asm.Type::getArgumentsAndReturnSizes (151 bytes)
Event: 0.490 Thread 0x0000000014d4e000 nmethod 158 0x0000000002849b50 code [0x0000000002849d80, 0x000000000284aaf8]
Event: 0.490 Thread 0x0000000014d4e000  159       3       java.lang.invoke.InvokerBytecodeGenerator::isStaticallyNameable (116 bytes)
Event: 0.492 Thread 0x0000000014d4e000 nmethod 159 0x000000000284b790 code [0x000000000284bb00, 0x000000000284dbd8]
Event: 0.492 Thread 0x0000000014d4e000  164       3       jdk.internal.org.objectweb.asm.Frame::execute (2252 bytes)
Event: 0.495 Thread 0x0000000014d06800  177       4       jdk.internal.org.objectweb.asm.ByteVector::putUTF8 (142 bytes)
Event: 0.508 Thread 0x0000000014d0a000  188       4       java.lang.String::equals (81 bytes)

GC Heap History (0 events):
No events

Deoptimization events (0 events):
No events

Internal exceptions (9 events):
Event: 0.065 Thread 0x0000000002600800 Exception <a 'java/lang/NoSuchMethodError': Method sun.misc.Unsafe.defineClass(Ljava/lang/String;[BII)Ljava/lang/Class; name or signature does not match> (0x00000000eb313060) thrown at [C:\workspace\8-2-build-windows-amd64-cygwin\jdk8u65\4987\hotspot\src\sÊ![í»°?
Event: 0.065 Thread 0x0000000002600800 Exception <a 'java/lang/NoSuchMethodError': Method sun.misc.Unsafe.prefetchRead(Ljava/lang/Object;J)V name or signature does not match> (0x00000000eb313348) thrown at [C:\workspace\8-2-build-windows-amd64-cygwin\jdk8u65\4987\hotspot\src\share\vm\prims\jni.wûˆ©×?
Event: 0.361 Thread 0x0000000002600800 Exception <a 'java/security/PrivilegedActionException'> (0x00000000eb475500) thrown at [C:\workspace\8-2-build-windows-amd64-cygwin\jdk8u65\4987\hotspot\src\share\vm\prims\jvm.cpp, line 1386]
Event: 0.361 Thread 0x0000000002600800 Exception <a 'java/security/PrivilegedActionException'> (0x00000000eb475710) thrown at [C:\workspace\8-2-build-windows-amd64-cygwin\jdk8u65\4987\hotspot\src\share\vm\prims\jvm.cpp, line 1386]
Event: 0.361 Thread 0x0000000002600800 Exception <a 'java/security/PrivilegedActionException'> (0x00000000eb4792b8) thrown at [C:\workspace\8-2-build-windows-amd64-cygwin\jdk8u65\4987\hotspot\src\share\vm\prims\jvm.cpp, line 1386]
Event: 0.361 Thread 0x0000000002600800 Exception <a 'java/security/PrivilegedActionException'> (0x00000000eb4794c8) thrown at [C:\workspace\8-2-build-windows-amd64-cygwin\jdk8u65\4987\hotspot\src\share\vm\prims\jvm.cpp, line 1386]
Event: 0.422 Thread 0x0000000002600800 Exception <a 'java/io/FileNotFoundException'> (0x00000000eb481920) thrown at [C:\workspace\8-2-build-windows-amd64-cygwin\jdk8u65\4987\hotspot\src\share\vm\prims\jni.cpp, line 709]
Event: 0.494 Thread 0x0000000002600800 Exception <a 'java/lang/NoSuchFieldError': method resolution failed> (0x00000000eb54fb00) thrown at [C:\workspace\8-2-build-windows-amd64-cygwin\jdk8u65\4987\hotspot\src\share\vm\prims\methodHandles.cpp, line 1146]
Event: 0.495 Thread 0x0000000002600800 Exception <a 'java/lang/NoSuchFieldError': method resolution failed> (0x00000000eb55ced0) thrown at [C:\workspace\8-2-build-windows-amd64-cygwin\jdk8u65\4987\hotspot\src\share\vm\prims\methodHandles.cpp, line 1146]

Events (10 events):
Event: 0.512 loading class java/lang/invoke/InfoFromMemberName
Event: 0.512 loading class java/lang/invoke/MethodHandleInfo
Event: 0.512 loading class java/lang/invoke/MethodHandleInfo done
Event: 0.512 loading class java/lang/invoke/InfoFromMemberName done
Event: 0.513 loading class java/lang/invoke/InnerClassLambdaMetafactory$ForwardingMethodGenerator
Event: 0.513 loading class java/lang/invoke/TypeConvertingMethodAdapter
Event: 0.513 loading class java/lang/invoke/TypeConvertingMethodAdapter done
Event: 0.513 loading class java/lang/invoke/InnerClassLambdaMetafactory$ForwardingMethodGenerator done
Event: 0.514 loading class java/lang/invoke/InnerClassLambdaMetafactory$1
Event: 0.514 loading class java/lang/invoke/InnerClassLambdaMetafactory$1 done


Dynamic libraries:
0x00007ff6393a0000 - 0x00007ff6393d7000 	C:\Program Files\Java\jre1.8.0_65\bin\javaw.exe
0x00007ffeccd90000 - 0x00007ffeccf51000 	C:\WINDOWS\SYSTEM32\ntdll.dll
0x00007ffecb700000 - 0x00007ffecb7ad000 	C:\WINDOWS\system32\KERNEL32.DLL
0x00007ffec9440000 - 0x00007ffec9628000 	C:\WINDOWS\system32\KERNELBASE.dll
0x00007ffecb580000 - 0x00007ffecb627000 	C:\WINDOWS\system32\ADVAPI32.dll
0x00007ffeca300000 - 0x00007ffeca39d000 	C:\WINDOWS\system32\msvcrt.dll
0x00007ffecadf0000 - 0x00007ffecae4b000 	C:\WINDOWS\system32\sechost.dll
0x00007ffecb020000 - 0x00007ffecb13c000 	C:\WINDOWS\system32\RPCRT4.dll
0x00007ffeca7d0000 - 0x00007ffeca926000 	C:\WINDOWS\system32\USER32.dll
0x00007ffecae50000 - 0x00007ffecafd6000 	C:\WINDOWS\system32\GDI32.dll
0x00007ffec4780000 - 0x00007ffec49f4000 	C:\WINDOWS\WinSxS\amd64_microsoft.windows.common-controls_6595b64144ccf1df_6.0.10586.0_none_8c15ae12515e1c22\COMCTL32.dll
0x00007ffecb1a0000 - 0x00007ffecb41d000 	C:\WINDOWS\system32\combase.dll
0x00007ffec9d10000 - 0x00007ffec9d7a000 	C:\WINDOWS\system32\bcryptPrimitives.dll
0x00007ffecafe0000 - 0x00007ffecb01b000 	C:\WINDOWS\system32\IMM32.DLL
0x0000000060350000 - 0x0000000060422000 	C:\Program Files\Java\jre1.8.0_65\bin\msvcr100.dll
0x000000005fac0000 - 0x0000000060349000 	C:\Program Files\Java\jre1.8.0_65\bin\server\jvm.dll
0x00007ffeca930000 - 0x00007ffeca938000 	C:\WINDOWS\system32\PSAPI.DLL
0x00007ffec5760000 - 0x00007ffec576a000 	C:\WINDOWS\SYSTEM32\VERSION.dll
0x00007ffec7880000 - 0x00007ffec78a3000 	C:\WINDOWS\SYSTEM32\WINMM.dll
0x00007ffec7850000 - 0x00007ffec787c000 	C:\WINDOWS\SYSTEM32\WINMMBASE.dll
0x00007ffec9e90000 - 0x00007ffec9ed3000 	C:\WINDOWS\system32\cfgmgr32.dll
0x00007ffec5060000 - 0x00007ffec5069000 	C:\WINDOWS\SYSTEM32\WSOCK32.dll
0x00007ffeca940000 - 0x00007ffeca9ab000 	C:\WINDOWS\system32\WS2_32.dll
0x0000000061210000 - 0x000000006121f000 	C:\Program Files\Java\jre1.8.0_65\bin\verify.dll
0x00000000611e0000 - 0x0000000061209000 	C:\Program Files\Java\jre1.8.0_65\bin\java.dll
0x00000000611c0000 - 0x00000000611d6000 	C:\Program Files\Java\jre1.8.0_65\bin\zip.dll
0x00007ffecb830000 - 0x00007ffeccd8c000 	C:\WINDOWS\system32\SHELL32.dll
0x00007ffec96c0000 - 0x00007ffec9d05000 	C:\WINDOWS\system32\windows.storage.dll
0x00007ffecb7b0000 - 0x00007ffecb802000 	C:\WINDOWS\system32\shlwapi.dll
0x00007ffec9420000 - 0x00007ffec942f000 	C:\WINDOWS\system32\kernel.appcore.dll
0x00007ffeca0b0000 - 0x00007ffeca165000 	C:\WINDOWS\system32\shcore.dll
0x00007ffec93b0000 - 0x00007ffec93fb000 	C:\WINDOWS\system32\powrprof.dll
0x00007ffec9400000 - 0x00007ffec9414000 	C:\WINDOWS\system32\profapi.dll
0x000000005f920000 - 0x000000005fab8000 	C:\Program Files\Java\jre1.8.0_65\bin\awt.dll
0x00007ffecb630000 - 0x00007ffecb6f1000 	C:\WINDOWS\system32\OLEAUT32.dll
0x00007ffec7e50000 - 0x00007ffec7ec9000 	C:\WINDOWS\system32\apphelp.dll
0x00007ffec77c0000 - 0x00007ffec77e2000 	C:\WINDOWS\system32\DWMAPI.DLL
0x00007ffec7fa0000 - 0x00007ffec8036000 	C:\WINDOWS\system32\uxtheme.dll
0x00007ffecb420000 - 0x00007ffecb57a000 	C:\WINDOWS\system32\MSCTF.dll
0x00007ffecab60000 - 0x00007ffecaca3000 	C:\WINDOWS\system32\ole32.dll

VM Arguments:
jvm_args: -Dfile.encoding=GBK 
java_command: device
java_class_path (initial): D:\workspace\Currency conversion device\bin
Launcher Type: SUN_STANDARD

Environment Variables:
JAVA_HOME=C:\Program Files\Java\jdk1.8.0_65
CLASSPATH=.;C:\Program Files\Java\jdk1.8.0_65\lib\dt.jar;C:\Program Files\Java\jdk1.8.0_65\lib\tools.jar;
PATH=C:/Program Files/Java/jdk1.8.0_65/bin/../jre/bin/server;C:/Program Files/Java/jdk1.8.0_65/bin/../jre/bin;C:/Program Files/Java/jdk1.8.0_65/bin/../jre/lib/amd64;F:\Ëã·¨×é\code blocks\CodeBlocks\MinGW\bin;C:\Program Files\Java\jdk1.8.0_65\bin;C:\Program Files\Java\jdk1.8.0_65\jre\bin;C:\ProgramData\Oracle\Java\javapath;C:\WINDOWS\system32;C:\WINDOWS;C:\WINDOWS\System32\Wbem;C:\WINDOWS\System32\WindowsPowerShell\v1.0\;C:\Python27;D:\matlab\runtime\win64;D:\matlab\bin;D:\matlab\polyspace\bin;E:\BaiduYunDownload\adt-bundle-windows-x86_64-20140321\sdk\platform-tools;C:\WINDOWS\system32;C:\WINDOWS;C:\WINDOWS\System32\Wbem;C:\WINDOWS\System32\WindowsPowerShell\v1.0\;C:\Users\d e l l\Downloads\eclipse;
USERNAME=d e l l
OS=Windows_NT
PROCESSOR_IDENTIFIER=Intel64 Family 6 Model 69 Stepping 1, GenuineIntel



---------------  S Y S T E M  ---------------

OS: Windows 10.0 , 64 bit Build 10586 (10.0.10586.0)

CPU:total 4 (2 cores per cpu, 2 threads per core) family 6 model 69 stepping 1, cmov, cx8, fxsr, mmx, sse, sse2, sse3, ssse3, sse4.1, sse4.2, popcnt, avx, avx2, aes, clmul, erms, lzcnt, ht, tsc, tscinvbit, bmi1, bmi2

Memory: 4k page, physical 4095980k(589168k free), swap 16678892k(56k free)

vm_info: Java HotSpot(TM) 64-Bit Server VM (25.65-b01) for windows-amd64 JRE (1.8.0_65-b17), built on Oct  6 2015 16:39:20 by "java_re" with MS VC++ 10.0 (VS2010)

time: Thu Apr 28 21:29:16 2016
elapsed time: 1 seconds (0d 0h 0m 1s)

